<?xml version="1.0" encoding="utf-8"?><testsuites name="pytest tests"><testsuite name="pytest" errors="0" failures="0" skipped="0" tests="5" time="7.669" timestamp="2026-09-09T10:36:25.021858+00:00" hostname="agent-env-e7756a11-1bfe-47a7-859a-ba0b9f997f0c"><testcase classname="tests.backend_test.TestOSCPipeline" name="test_osc_sender_updates_status" time="4.009" /><testcase classname="tests.backend_test.TestStatusEndpoint" name="test_status_returns_expected_shape" time="0.005" /><testcase classname="tests.backend_test.TestStatusEndpoint" name="test_idle_state_when_no_osc" time="0.031" /><testcase classname="tests.backend_test.TestWebSocket" name="test_ws_streams_state_frames" time="1.609" /><testcase classname="tests.backend_test.TestOSCPipeline" name="test_live_status_when_total_zero" time="3.105" /></testsuite></testsuites>